This file contains any messages produced by compilers while
running configure, to aid debugging if configure makes a mistake.

It was created by configure, which was
generated by GNU Autoconf 2.69.  Invocation command line was

  $ ./configure 

## --------- ##
## Platform. ##
## --------- ##

hostname = dpm46
uname -m = x86_64
uname -r = 4.9.0-5-amd64
uname -s = Linux
uname -v = #1 SMP Debian 4.9.65-3+deb9u2 (2018-01-04)

/usr/bin/uname -p = unknown
/bin/uname -X     = unknown

/bin/arch              = unknown
/usr/bin/arch -k       = unknown
/usr/convex/getsysinfo = unknown
/usr/bin/hostinfo      = unknown
/bin/machine           = unknown
/usr/bin/oslevel       = unknown
/bin/universe          = unknown

PATH: /usr/local/sbin
PATH: /usr/local/bin
PATH: /usr/sbin
PATH: /usr/bin
PATH: /sbin
PATH: /bin


## ----------- ##
## Core tests. ##
## ----------- ##

configure:2228: checking for Tcl configuration
configure:2306: result: found /usr/lib/tclConfig.sh
configure:2312: checking for existence of /usr/lib/tclConfig.sh
configure:2316: result: loading
configure:2379: checking for Tk configuration
configure:2454: result: found /usr/lib/tkConfig.sh
configure:2461: checking for existence of /usr/lib/tkConfig.sh
configure:2465: result: loading
configure:2526: checking for gcc
configure:2542: found /usr/bin/gcc
configure:2553: result: gcc
configure:2782: checking for C compiler version
configure:2791: gcc --version >&5
gcc (Debian 4.9.2-10+deb8u1) 4.9.2
Copyright (C) 2014 Free Software Foundation, Inc.
This is free software; see the source for copying conditions.  There is NO
warranty; not even for MERCHANTABILITY or FITNESS FOR A PARTICULAR PURPOSE.

configure:2802: $? = 0
configure:2791: gcc -v >&5
Using built-in specs.
COLLECT_GCC=gcc
COLLECT_LTO_WRAPPER=/usr/lib/gcc/x86_64-linux-gnu/4.9/lto-wrapper
Target: x86_64-linux-gnu
Configured with: ../src/configure -v --with-pkgversion='Debian 4.9.2-10+deb8u1' --with-bugurl=file:///usr/share/doc/gcc-4.9/README.Bugs --enable-languages=c,c++,java,go,d,fortran,objc,obj-c++ --prefix=/usr --program-suffix=-4.9 --enable-shared --enable-linker-build-id --libexecdir=/usr/lib --without-included-gettext --enable-threads=posix --with-gxx-include-dir=/usr/include/c++/4.9 --libdir=/usr/lib --enable-nls --with-sysroot=/ --enable-clocale=gnu --enable-libstdcxx-debug --enable-libstdcxx-time=yes --enable-gnu-unique-object --disable-vtable-verify --enable-plugin --with-system-zlib --disable-browser-plugin --enable-java-awt=gtk --enable-gtk-cairo --with-java-home=/usr/lib/jvm/java-1.5.0-gcj-4.9-amd64/jre --enable-java-home --with-jvm-root-dir=/usr/lib/jvm/java-1.5.0-gcj-4.9-amd64 --with-jvm-jar-dir=/usr/lib/jvm-exports/java-1.5.0-gcj-4.9-amd64 --with-arch-directory=amd64 --with-ecj-jar=/usr/share/java/eclipse-ecj.jar --enable-objc-gc --enable-multiarch --with-arch-32=i586 --with-abi=m64 --with-multilib-list=m32,m64,mx32 --enable-multilib --with-tune=generic --enable-checking=release --build=x86_64-linux-gnu --host=x86_64-linux-gnu --target=x86_64-linux-gnu
Thread model: posix
gcc version 4.9.2 (Debian 4.9.2-10+deb8u1) 
configure:2802: $? = 0
configure:2791: gcc -V >&5
gcc: error: unrecognized command line option '-V'
gcc: fatal error: no input files
compilation terminated.
configure:2802: $? = 4
configure:2791: gcc -qversion >&5
gcc: error: unrecognized command line option '-qversion'
gcc: fatal error: no input files
compilation terminated.
configure:2802: $? = 4
configure:2822: checking whether the C compiler works
configure:2844: gcc    conftest.c  >&5
configure:2848: $? = 0
configure:2896: result: yes
configure:2899: checking for C compiler default output file name
configure:2901: result: a.out
configure:2907: checking for suffix of executables
configure:2914: gcc -o conftest    conftest.c  >&5
configure:2918: $? = 0
configure:2940: result: 
configure:2962: checking whether we are cross compiling
configure:2970: gcc -o conftest    conftest.c  >&5
configure:2974: $? = 0
configure:2981: ./conftest
configure:2985: $? = 0
configure:3000: result: no
configure:3005: checking for suffix of object files
configure:3027: gcc -c   conftest.c >&5
configure:3031: $? = 0
configure:3052: result: o
configure:3056: checking whether we are using the GNU C compiler
configure:3075: gcc -c   conftest.c >&5
configure:3075: $? = 0
configure:3084: result: yes
configure:3093: checking whether gcc accepts -g
configure:3113: gcc -c -g  conftest.c >&5
configure:3113: $? = 0
configure:3154: result: yes
configure:3171: checking for gcc option to accept ISO C89
configure:3234: gcc  -c -g -O2  conftest.c >&5
configure:3234: $? = 0
configure:3247: result: none needed
configure:3269: checking for building with threads
configure:3281: result: yes (threaded core)
configure:3298: checking for pthread_mutex_init in -lpthread
configure:3323: gcc -o conftest -g -O2   conftest.c -lpthread   >&5
configure:3323: $? = 0
configure:3332: result: yes
configure:3544: checking for pthread_attr_setstacksize
configure:3544: gcc -o conftest -g -O2   conftest.c   -lpthread >&5
configure:3544: $? = 0
configure:3544: result: yes
configure:3555: checking for pthread_atfork
configure:3555: gcc -o conftest -g -O2   conftest.c   -lpthread >&5
configure:3555: $? = 0
configure:3555: result: yes
configure:3567: checking for readdir_r
configure:3567: gcc -o conftest -g -O2   conftest.c  >&5
configure:3567: $? = 0
configure:3567: result: yes
configure:3596: result: TCL_BIN_DIR=/usr/lib
configure:3598: result: TK_BIN_DIR=/usr/lib
configure:3637: checking for /usr/bin/gsl-config
configure:3668: result: /usr/bin/gsl-config
configure:3677: checking for GSL - version >= 0.2.5
configure:3777: gcc -o conftest -g -O2 -I/usr/include   conftest.c  -L/usr/lib -lgsl -lgslcblas -lm >&5
configure:3777: $? = 0
configure:3777: ./conftest
configure:3777: $? = 0
configure:3791: result: yes
configure:3857: result: GSL found
configure:3867: checking for debug options enabled
configure:3879: result: no debug
configure:3949: checking for gcc
configure:3976: result: gcc
configure:4205: checking for C compiler version
configure:4214: gcc --version >&5
gcc (Debian 4.9.2-10+deb8u1) 4.9.2
Copyright (C) 2014 Free Software Foundation, Inc.
This is free software; see the source for copying conditions.  There is NO
warranty; not even for MERCHANTABILITY or FITNESS FOR A PARTICULAR PURPOSE.

configure:4225: $? = 0
configure:4214: gcc -v >&5
Using built-in specs.
COLLECT_GCC=gcc
COLLECT_LTO_WRAPPER=/usr/lib/gcc/x86_64-linux-gnu/4.9/lto-wrapper
Target: x86_64-linux-gnu
Configured with: ../src/configure -v --with-pkgversion='Debian 4.9.2-10+deb8u1' --with-bugurl=file:///usr/share/doc/gcc-4.9/README.Bugs --enable-languages=c,c++,java,go,d,fortran,objc,obj-c++ --prefix=/usr --program-suffix=-4.9 --enable-shared --enable-linker-build-id --libexecdir=/usr/lib --without-included-gettext --enable-threads=posix --with-gxx-include-dir=/usr/include/c++/4.9 --libdir=/usr/lib --enable-nls --with-sysroot=/ --enable-clocale=gnu --enable-libstdcxx-debug --enable-libstdcxx-time=yes --enable-gnu-unique-object --disable-vtable-verify --enable-plugin --with-system-zlib --disable-browser-plugin --enable-java-awt=gtk --enable-gtk-cairo --with-java-home=/usr/lib/jvm/java-1.5.0-gcj-4.9-amd64/jre --enable-java-home --with-jvm-root-dir=/usr/lib/jvm/java-1.5.0-gcj-4.9-amd64 --with-jvm-jar-dir=/usr/lib/jvm-exports/java-1.5.0-gcj-4.9-amd64 --with-arch-directory=amd64 --with-ecj-jar=/usr/share/java/eclipse-ecj.jar --enable-objc-gc --enable-multiarch --with-arch-32=i586 --with-abi=m64 --with-multilib-list=m32,m64,mx32 --enable-multilib --with-tune=generic --enable-checking=release --build=x86_64-linux-gnu --host=x86_64-linux-gnu --target=x86_64-linux-gnu
Thread model: posix
gcc version 4.9.2 (Debian 4.9.2-10+deb8u1) 
configure:4225: $? = 0
configure:4214: gcc -V >&5
gcc: error: unrecognized command line option '-V'
gcc: fatal error: no input files
compilation terminated.
configure:4225: $? = 4
configure:4214: gcc -qversion >&5
gcc: error: unrecognized command line option '-qversion'
gcc: fatal error: no input files
compilation terminated.
configure:4225: $? = 4
configure:4229: checking whether we are using the GNU C compiler
configure:4257: result: yes
configure:4266: checking whether gcc accepts -g
configure:4327: result: yes
configure:4344: checking for gcc option to accept ISO C89
configure:4420: result: none needed
configure:4498: checking for g++
configure:4514: found /usr/bin/g++
configure:4525: result: g++
configure:4552: checking for C++ compiler version
configure:4561: g++ --version >&5
g++ (Debian 4.9.2-10+deb8u1) 4.9.2
Copyright (C) 2014 Free Software Foundation, Inc.
This is free software; see the source for copying conditions.  There is NO
warranty; not even for MERCHANTABILITY or FITNESS FOR A PARTICULAR PURPOSE.

configure:4572: $? = 0
configure:4561: g++ -v >&5
Using built-in specs.
COLLECT_GCC=g++
COLLECT_LTO_WRAPPER=/usr/lib/gcc/x86_64-linux-gnu/4.9/lto-wrapper
Target: x86_64-linux-gnu
Configured with: ../src/configure -v --with-pkgversion='Debian 4.9.2-10+deb8u1' --with-bugurl=file:///usr/share/doc/gcc-4.9/README.Bugs --enable-languages=c,c++,java,go,d,fortran,objc,obj-c++ --prefix=/usr --program-suffix=-4.9 --enable-shared --enable-linker-build-id --libexecdir=/usr/lib --without-included-gettext --enable-threads=posix --with-gxx-include-dir=/usr/include/c++/4.9 --libdir=/usr/lib --enable-nls --with-sysroot=/ --enable-clocale=gnu --enable-libstdcxx-debug --enable-libstdcxx-time=yes --enable-gnu-unique-object --disable-vtable-verify --enable-plugin --with-system-zlib --disable-browser-plugin --enable-java-awt=gtk --enable-gtk-cairo --with-java-home=/usr/lib/jvm/java-1.5.0-gcj-4.9-amd64/jre --enable-java-home --with-jvm-root-dir=/usr/lib/jvm/java-1.5.0-gcj-4.9-amd64 --with-jvm-jar-dir=/usr/lib/jvm-exports/java-1.5.0-gcj-4.9-amd64 --with-arch-directory=amd64 --with-ecj-jar=/usr/share/java/eclipse-ecj.jar --enable-objc-gc --enable-multiarch --with-arch-32=i586 --with-abi=m64 --with-multilib-list=m32,m64,mx32 --enable-multilib --with-tune=generic --enable-checking=release --build=x86_64-linux-gnu --host=x86_64-linux-gnu --target=x86_64-linux-gnu
Thread model: posix
gcc version 4.9.2 (Debian 4.9.2-10+deb8u1) 
configure:4572: $? = 0
configure:4561: g++ -V >&5
g++: error: unrecognized command line option '-V'
g++: fatal error: no input files
compilation terminated.
configure:4572: $? = 4
configure:4561: g++ -qversion >&5
g++: error: unrecognized command line option '-qversion'
g++: fatal error: no input files
compilation terminated.
configure:4572: $? = 4
configure:4576: checking whether we are using the GNU C++ compiler
configure:4595: g++ -c -O2   conftest.cpp >&5
configure:4595: $? = 0
configure:4604: result: yes
configure:4613: checking whether g++ accepts -g
configure:4633: g++ -c -g  conftest.cpp >&5
configure:4633: $? = 0
configure:4674: result: yes
configure:4702: checking for dlopen
configure:4702: gcc -o conftest -g -O2   conftest.c  >&5
/tmp/ccJ4B8M3.o: In function `main':
/root/audela-code/audela/src/conftest.c:50: undefined reference to `dlopen'
collect2: error: ld returned 1 exit status
configure:4702: $? = 1
configure: failed program was:
| /* confdefs.h */
| #define PACKAGE_NAME ""
| #define PACKAGE_TARNAME ""
| #define PACKAGE_VERSION ""
| #define PACKAGE_STRING ""
| #define PACKAGE_BUGREPORT ""
| #define PACKAGE_URL ""
| #define TCL_THREADS 1
| #define USE_THREAD_ALLOC 1
| #define _REENTRANT 1
| #define _THREAD_SAFE 1
| #define HAVE_PTHREAD_ATTR_SETSTACKSIZE 1
| #define HAVE_PTHREAD_ATFORK 1
| #define HAVE_READDIR_R 1
| /* end confdefs.h.  */
| /* Define dlopen to an innocuous variant, in case <limits.h> declares dlopen.
|    For example, HP-UX 11i <limits.h> declares gettimeofday.  */
| #define dlopen innocuous_dlopen
| 
| /* System header to define __stub macros and hopefully few prototypes,
|     which can conflict with char dlopen (); below.
|     Prefer <limits.h> to <assert.h> if __STDC__ is defined, since
|     <limits.h> exists even on freestanding compilers.  */
| 
| #ifdef __STDC__
| # include <limits.h>
| #else
| # include <assert.h>
| #endif
| 
| #undef dlopen
| 
| /* Override any GCC internal prototype to avoid an error.
|    Use char because int might match the return type of a GCC
|    builtin and then its argument prototype would still apply.  */
| #ifdef __cplusplus
| extern "C"
| #endif
| char dlopen ();
| /* The GNU C library defines this for functions which it implements
|     to always fail with ENOSYS.  Some functions are actually named
|     something starting with __ and the normal name is an alias.  */
| #if defined __stub_dlopen || defined __stub___dlopen
| choke me
| #endif
| 
| int
| main ()
| {
| return dlopen ();
|   ;
|   return 0;
| }
configure:4702: result: no
configure:4710: checking for dlopen in -ldl
configure:4735: gcc -o conftest -g -O2   conftest.c -ldl   >&5
configure:4735: $? = 0
configure:4744: result: yes
configure:4820: checking how to run the C preprocessor
configure:4851: gcc -E  conftest.c
configure:4851: $? = 0
configure:4865: gcc -E  conftest.c
conftest.c:16:28: fatal error: ac_nonexistent.h: No such file or directory
 #include <ac_nonexistent.h>
                            ^
compilation terminated.
configure:4865: $? = 1
configure: failed program was:
| /* confdefs.h */
| #define PACKAGE_NAME ""
| #define PACKAGE_TARNAME ""
| #define PACKAGE_VERSION ""
| #define PACKAGE_STRING ""
| #define PACKAGE_BUGREPORT ""
| #define PACKAGE_URL ""
| #define TCL_THREADS 1
| #define USE_THREAD_ALLOC 1
| #define _REENTRANT 1
| #define _THREAD_SAFE 1
| #define HAVE_PTHREAD_ATTR_SETSTACKSIZE 1
| #define HAVE_PTHREAD_ATFORK 1
| #define HAVE_READDIR_R 1
| /* end confdefs.h.  */
| #include <ac_nonexistent.h>
configure:4890: result: gcc -E
configure:4910: gcc -E  conftest.c
configure:4910: $? = 0
configure:4924: gcc -E  conftest.c
conftest.c:16:28: fatal error: ac_nonexistent.h: No such file or directory
 #include <ac_nonexistent.h>
                            ^
compilation terminated.
configure:4924: $? = 1
configure: failed program was:
| /* confdefs.h */
| #define PACKAGE_NAME ""
| #define PACKAGE_TARNAME ""
| #define PACKAGE_VERSION ""
| #define PACKAGE_STRING ""
| #define PACKAGE_BUGREPORT ""
| #define PACKAGE_URL ""
| #define TCL_THREADS 1
| #define USE_THREAD_ALLOC 1
| #define _REENTRANT 1
| #define _THREAD_SAFE 1
| #define HAVE_PTHREAD_ATTR_SETSTACKSIZE 1
| #define HAVE_PTHREAD_ATFORK 1
| #define HAVE_READDIR_R 1
| /* end confdefs.h.  */
| #include <ac_nonexistent.h>
configure:4953: checking for grep that handles long lines and -e
configure:5011: result: /bin/grep
configure:5016: checking for egrep
configure:5078: result: /bin/grep -E
configure:5083: checking for ANSI C header files
configure:5103: gcc -c -g -O2  conftest.c >&5
configure:5103: $? = 0
configure:5176: gcc -o conftest -g -O2   conftest.c  >&5
configure:5176: $? = 0
configure:5176: ./conftest
configure:5176: $? = 0
configure:5187: result: yes
configure:5195: checking for kernel headers
configure:5218: checking for sys/types.h
configure:5218: gcc -c -g -O2  conftest.c >&5
configure:5218: $? = 0
configure:5218: result: yes
configure:5218: checking for sys/stat.h
configure:5218: gcc -c -g -O2  conftest.c >&5
configure:5218: $? = 0
configure:5218: result: yes
configure:5218: checking for stdlib.h
configure:5218: gcc -c -g -O2  conftest.c >&5
configure:5218: $? = 0
configure:5218: result: yes
configure:5218: checking for string.h
configure:5218: gcc -c -g -O2  conftest.c >&5
configure:5218: $? = 0
configure:5218: result: yes
configure:5218: checking for memory.h
configure:5218: gcc -c -g -O2  conftest.c >&5
configure:5218: $? = 0
configure:5218: result: yes
configure:5218: checking for strings.h
configure:5218: gcc -c -g -O2  conftest.c >&5
configure:5218: $? = 0
configure:5218: result: yes
configure:5218: checking for inttypes.h
configure:5218: gcc -c -g -O2  conftest.c >&5
configure:5218: $? = 0
configure:5218: result: yes
configure:5218: checking for stdint.h
configure:5218: gcc -c -g -O2  conftest.c >&5
configure:5218: $? = 0
configure:5218: result: yes
configure:5218: checking for unistd.h
configure:5218: gcc -c -g -O2  conftest.c >&5
configure:5218: $? = 0
configure:5218: result: yes
configure:5230: checking linux/videodev.h usability
configure:5230: gcc -c -g -O2  conftest.c >&5
conftest.c:59:28: fatal error: linux/videodev.h: No such file or directory
 #include <linux/videodev.h>
                            ^
compilation terminated.
configure:5230: $? = 1
configure: failed program was:
| /* confdefs.h */
| #define PACKAGE_NAME ""
| #define PACKAGE_TARNAME ""
| #define PACKAGE_VERSION ""
| #define PACKAGE_STRING ""
| #define PACKAGE_BUGREPORT ""
| #define PACKAGE_URL ""
| #define TCL_THREADS 1
| #define USE_THREAD_ALLOC 1
| #define _REENTRANT 1
| #define _THREAD_SAFE 1
| #define HAVE_PTHREAD_ATTR_SETSTACKSIZE 1
| #define HAVE_PTHREAD_ATFORK 1
| #define HAVE_READDIR_R 1
| #define STDC_HEADERS 1
| #define HAVE_SYS_TYPES_H 1
| #define HAVE_SYS_STAT_H 1
| #define HAVE_STDLIB_H 1
| #define HAVE_STRING_H 1
| #define HAVE_MEMORY_H 1
| #define HAVE_STRINGS_H 1
| #define HAVE_INTTYPES_H 1
| #define HAVE_STDINT_H 1
| #define HAVE_UNISTD_H 1
| /* end confdefs.h.  */
| #include <stdio.h>
| #ifdef HAVE_SYS_TYPES_H
| # include <sys/types.h>
| #endif
| #ifdef HAVE_SYS_STAT_H
| # include <sys/stat.h>
| #endif
| #ifdef STDC_HEADERS
| # include <stdlib.h>
| # include <stddef.h>
| #else
| # ifdef HAVE_STDLIB_H
| #  include <stdlib.h>
| # endif
| #endif
| #ifdef HAVE_STRING_H
| # if !defined STDC_HEADERS && defined HAVE_MEMORY_H
| #  include <memory.h>
| # endif
| # include <string.h>
| #endif
| #ifdef HAVE_STRINGS_H
| # include <strings.h>
| #endif
| #ifdef HAVE_INTTYPES_H
| # include <inttypes.h>
| #endif
| #ifdef HAVE_STDINT_H
| # include <stdint.h>
| #endif
| #ifdef HAVE_UNISTD_H
| # include <unistd.h>
| #endif
| #include <linux/videodev.h>
configure:5230: result: no
configure:5230: checking linux/videodev.h presence
configure:5230: gcc -E  conftest.c
conftest.c:26:28: fatal error: linux/videodev.h: No such file or directory
 #include <linux/videodev.h>
                            ^
compilation terminated.
configure:5230: $? = 1
configure: failed program was:
| /* confdefs.h */
| #define PACKAGE_NAME ""
| #define PACKAGE_TARNAME ""
| #define PACKAGE_VERSION ""
| #define PACKAGE_STRING ""
| #define PACKAGE_BUGREPORT ""
| #define PACKAGE_URL ""
| #define TCL_THREADS 1
| #define USE_THREAD_ALLOC 1
| #define _REENTRANT 1
| #define _THREAD_SAFE 1
| #define HAVE_PTHREAD_ATTR_SETSTACKSIZE 1
| #define HAVE_PTHREAD_ATFORK 1
| #define HAVE_READDIR_R 1
| #define STDC_HEADERS 1
| #define HAVE_SYS_TYPES_H 1
| #define HAVE_SYS_STAT_H 1
| #define HAVE_STDLIB_H 1
| #define HAVE_STRING_H 1
| #define HAVE_MEMORY_H 1
| #define HAVE_STRINGS_H 1
| #define HAVE_INTTYPES_H 1
| #define HAVE_STDINT_H 1
| #define HAVE_UNISTD_H 1
| /* end confdefs.h.  */
| #include <linux/videodev.h>
configure:5230: result: no
configure:5230: checking for linux/videodev.h
configure:5230: result: no
configure:5238: checking linux/ppdev.h usability
configure:5238: gcc -c -g -O2  conftest.c >&5
configure:5238: $? = 0
configure:5238: result: yes
configure:5238: checking linux/ppdev.h presence
configure:5238: gcc -E  conftest.c
configure:5238: $? = 0
configure:5238: result: yes
configure:5238: checking for linux/ppdev.h
configure:5238: result: yes
configure:5246: checking linux/parport.h usability
configure:5246: gcc -c -g -O2  conftest.c >&5
configure:5246: $? = 0
configure:5246: result: yes
configure:5246: checking linux/parport.h presence
configure:5246: gcc -E  conftest.c
configure:5246: $? = 0
configure:5246: result: yes
configure:5246: checking for linux/parport.h
configure:5246: result: yes
configure:5254: checking if Video4Linux webcams are supported
configure:5260: result: no, disabling libwebcam driver.
configure:5266: checking linux/videodev2.h usability
configure:5266: gcc -c -g -O2  conftest.c >&5
configure:5266: $? = 0
configure:5266: result: yes
configure:5266: checking linux/videodev2.h presence
configure:5266: gcc -E  conftest.c
configure:5266: $? = 0
configure:5266: result: yes
configure:5266: checking for linux/videodev2.h
configure:5266: result: yes
configure:5274: checking if Video4Linux2 (V4L2) webcams and grabbers are supported
configure:5277: result: yes.
configure:5291: checking tiff.h usability
configure:5291: gcc -c -g -O2  conftest.c >&5
conftest.c:59:18: fatal error: tiff.h: No such file or directory
 #include <tiff.h>
                  ^
compilation terminated.
configure:5291: $? = 1
configure: failed program was:
| /* confdefs.h */
| #define PACKAGE_NAME ""
| #define PACKAGE_TARNAME ""
| #define PACKAGE_VERSION ""
| #define PACKAGE_STRING ""
| #define PACKAGE_BUGREPORT ""
| #define PACKAGE_URL ""
| #define TCL_THREADS 1
| #define USE_THREAD_ALLOC 1
| #define _REENTRANT 1
| #define _THREAD_SAFE 1
| #define HAVE_PTHREAD_ATTR_SETSTACKSIZE 1
| #define HAVE_PTHREAD_ATFORK 1
| #define HAVE_READDIR_R 1
| #define STDC_HEADERS 1
| #define HAVE_SYS_TYPES_H 1
| #define HAVE_SYS_STAT_H 1
| #define HAVE_STDLIB_H 1
| #define HAVE_STRING_H 1
| #define HAVE_MEMORY_H 1
| #define HAVE_STRINGS_H 1
| #define HAVE_INTTYPES_H 1
| #define HAVE_STDINT_H 1
| #define HAVE_UNISTD_H 1
| /* end confdefs.h.  */
| #include <stdio.h>
| #ifdef HAVE_SYS_TYPES_H
| # include <sys/types.h>
| #endif
| #ifdef HAVE_SYS_STAT_H
| # include <sys/stat.h>
| #endif
| #ifdef STDC_HEADERS
| # include <stdlib.h>
| # include <stddef.h>
| #else
| # ifdef HAVE_STDLIB_H
| #  include <stdlib.h>
| # endif
| #endif
| #ifdef HAVE_STRING_H
| # if !defined STDC_HEADERS && defined HAVE_MEMORY_H
| #  include <memory.h>
| # endif
| # include <string.h>
| #endif
| #ifdef HAVE_STRINGS_H
| # include <strings.h>
| #endif
| #ifdef HAVE_INTTYPES_H
| # include <inttypes.h>
| #endif
| #ifdef HAVE_STDINT_H
| # include <stdint.h>
| #endif
| #ifdef HAVE_UNISTD_H
| # include <unistd.h>
| #endif
| #include <tiff.h>
configure:5291: result: no
configure:5291: checking tiff.h presence
configure:5291: gcc -E  conftest.c
conftest.c:26:18: fatal error: tiff.h: No such file or directory
 #include <tiff.h>
                  ^
compilation terminated.
configure:5291: $? = 1
configure: failed program was:
| /* confdefs.h */
| #define PACKAGE_NAME ""
| #define PACKAGE_TARNAME ""
| #define PACKAGE_VERSION ""
| #define PACKAGE_STRING ""
| #define PACKAGE_BUGREPORT ""
| #define PACKAGE_URL ""
| #define TCL_THREADS 1
| #define USE_THREAD_ALLOC 1
| #define _REENTRANT 1
| #define _THREAD_SAFE 1
| #define HAVE_PTHREAD_ATTR_SETSTACKSIZE 1
| #define HAVE_PTHREAD_ATFORK 1
| #define HAVE_READDIR_R 1
| #define STDC_HEADERS 1
| #define HAVE_SYS_TYPES_H 1
| #define HAVE_SYS_STAT_H 1
| #define HAVE_STDLIB_H 1
| #define HAVE_STRING_H 1
| #define HAVE_MEMORY_H 1
| #define HAVE_STRINGS_H 1
| #define HAVE_INTTYPES_H 1
| #define HAVE_STDINT_H 1
| #define HAVE_UNISTD_H 1
| /* end confdefs.h.  */
| #include <tiff.h>
configure:5291: result: no
configure:5291: checking for tiff.h
configure:5291: result: no
configure:5291: checking ftdi.h usability
configure:5291: gcc -c -g -O2  conftest.c >&5
configure:5291: $? = 0
configure:5291: result: yes
configure:5291: checking ftdi.h presence
configure:5291: gcc -E  conftest.c
configure:5291: $? = 0
configure:5291: result: yes
configure:5291: checking for ftdi.h
configure:5291: result: yes
configure:5303: checking if QSI cameras are supported
configure:5309: result: no, disabling the libqsi interface.
configure:5318: checking gphoto2/gphoto2-camera.h usability
configure:5318: gcc -c -g -O2  conftest.c >&5
configure:5318: $? = 0
configure:5318: result: yes
configure:5318: checking gphoto2/gphoto2-camera.h presence
configure:5318: gcc -E  conftest.c
configure:5318: $? = 0
configure:5318: result: yes
configure:5318: checking for gphoto2/gphoto2-camera.h
configure:5318: result: yes
configure:5330: checking if LIBGPHOTO2 is present 
configure:5333: result: yes.
configure:5344: checking libindi/indiapi.h usability
configure:5344: gcc -c -g -O2  conftest.c >&5
configure:5344: $? = 0
configure:5344: result: yes
configure:5344: checking libindi/indiapi.h presence
configure:5344: gcc -E  conftest.c
configure:5344: $? = 0
configure:5344: result: yes
configure:5344: checking for libindi/indiapi.h
configure:5344: result: yes
configure:5356: checking if LIBINDI is present 
configure:5359: result: yes.
configure:5395: checking whether gcc accepts -fno-stack-protector
configure:5416: gcc -c -g -O2 -fno-stack-protector  conftest.c >&5
configure:5416: $? = 0
configure:5438: checking whether g++ accepts -fno-stack-protector
configure:5459: g++ -c -O2  -fPIC  -DTCL_THREADS  -fno-stack-protector  conftest.cpp >&5
configure:5459: $? = 0
configure:5554: result: CXXFLAGS = -O2  -fPIC  -DTCL_THREADS  -fno-stack-protector
configure:5556: result: LDFLAGS  =  -shared 
configure:5558: result: EXTERNAL = andor blt cfitsio fli fitstcl gzip jpeg6b libdcjpeg libdcraw libftd2xx libusb oscadine porttalk sbig sextractor sofa tcl tkhtml
configure:5560: result: CONTRIB  = ethernaude libgs av4l libbm
configure:5562: result: AUDELA   = audela libtt libtcltt libaudela libaudelatk libgzip libmc librgb libak libgsltcl libjm libml libros libyd libcatalog libcatalog_tcl
configure:5564: result: LIBCAMS  = libethernaude libaudine libcagire liboscadine libquicka libgrabber libdigicam
configure:5566: result: LIBTELS  = libaudecom libcelestron libcombit libdeltatau libcsi libdfm libeqmod liblx200 libmcmt libouranos libtemma libtelscript
configure:5568: result: LIBLINKS = libparallelport libserialport libquickremote
configure:5570: result: ASTROBRICK  = libabcommon libabaudela libabmc libabsimple
configure:5572: result: ASTROBRICK_TCL = abaudela libtclcommon libtclmc libtclaudela libtclaudelatk libtclsimple
configure:5574: result: LIBCAMAB  = libcamcommon libcamsimulator libcamindi
configure:5576: result: LIBTELAB  = libtelcommon libtelsimulator libtelindi
configure:5742: creating ./config.status

## ---------------------- ##
## Running config.status. ##
## ---------------------- ##

This file was extended by config.status, which was
generated by GNU Autoconf 2.69.  Invocation command line was

  CONFIG_FILES    = 
  CONFIG_HEADERS  = 
  CONFIG_LINKS    = 
  CONFIG_COMMANDS = 
  $ ./config.status 

on dpm46

config.status:778: creating Makefile1
config.status:778: creating Makefile.defs
config.status:778: creating include/version.h
config.status:778: creating ../bin/version.tcl
config.status:778: creating ../bin/pkgIndex.tcl

## ---------------- ##
## Cache variables. ##
## ---------------- ##

ac_cv_c_compiler_gnu=yes
ac_cv_c_tclconfig=/usr/lib
ac_cv_c_tkconfig=/usr/lib
ac_cv_cxx_compiler_gnu=yes
ac_cv_env_CCC_set=
ac_cv_env_CCC_value=
ac_cv_env_CC_set=
ac_cv_env_CC_value=
ac_cv_env_CFLAGS_set=
ac_cv_env_CFLAGS_value=
ac_cv_env_CPPFLAGS_set=
ac_cv_env_CPPFLAGS_value=
ac_cv_env_CPP_set=
ac_cv_env_CPP_value=
ac_cv_env_CXXFLAGS_set=
ac_cv_env_CXXFLAGS_value=
ac_cv_env_CXX_set=
ac_cv_env_CXX_value=
ac_cv_env_LDFLAGS_set=
ac_cv_env_LDFLAGS_value=
ac_cv_env_LIBS_set=
ac_cv_env_LIBS_value=
ac_cv_env_build_alias_set=
ac_cv_env_build_alias_value=
ac_cv_env_host_alias_set=
ac_cv_env_host_alias_value=
ac_cv_env_target_alias_set=
ac_cv_env_target_alias_value=
ac_cv_func_dlopen=no
ac_cv_func_pthread_atfork=yes
ac_cv_func_pthread_attr_setstacksize=yes
ac_cv_func_readdir_r=yes
ac_cv_header_ftdi_h=yes
ac_cv_header_gphoto2_gphoto2_camera_h=yes
ac_cv_header_inttypes_h=yes
ac_cv_header_libindi_indiapi_h=yes
ac_cv_header_linux_parport_h=yes
ac_cv_header_linux_ppdev_h=yes
ac_cv_header_linux_videodev2_h=yes
ac_cv_header_linux_videodev_h=no
ac_cv_header_memory_h=yes
ac_cv_header_stdc=yes
ac_cv_header_stdint_h=yes
ac_cv_header_stdlib_h=yes
ac_cv_header_string_h=yes
ac_cv_header_strings_h=yes
ac_cv_header_sys_stat_h=yes
ac_cv_header_sys_types_h=yes
ac_cv_header_tiff_h=no
ac_cv_header_unistd_h=yes
ac_cv_lib_dl_dlopen=yes
ac_cv_lib_pthread_pthread_mutex_init=yes
ac_cv_objext=o
ac_cv_path_EGREP='/bin/grep -E'
ac_cv_path_GREP=/bin/grep
ac_cv_path_GSL_CONFIG=/usr/bin/gsl-config
ac_cv_prog_CPP='gcc -E'
ac_cv_prog_ac_ct_CC=gcc
ac_cv_prog_ac_ct_CXX=g++
ac_cv_prog_cc_c89=
ac_cv_prog_cc_g=yes
ac_cv_prog_cxx_g=yes

## ----------------- ##
## Output variables. ##
## ----------------- ##

ASTROBRICK='libabcommon libabaudela libabmc libabsimple'
ASTROBRICK_TCL='abaudela libtclcommon libtclmc libtclaudela libtclaudelatk libtclsimple'
AUDELA='audela libtt libtcltt libaudela libaudelatk libgzip libmc librgb libak libgsltcl libjm libml libros libyd libcatalog libcatalog_tcl'
CC='gcc'
CFLAGS='-g -O2 -fno-stack-protector'
CFLAGS_DEFAULT='-O2 '
CONTRIB='ethernaude libgs av4l libbm'
CPP='gcc -E'
CPPFLAGS=''
CXX='g++'
CXXFLAGS='-O2  -fPIC  -DTCL_THREADS  -fno-stack-protector'
DEFS='-DPACKAGE_NAME=\"\" -DPACKAGE_TARNAME=\"\" -DPACKAGE_VERSION=\"\" -DPACKAGE_STRING=\"\" -DPACKAGE_BUGREPORT=\"\" -DPACKAGE_URL=\"\" -DTCL_THREADS=1 -DUSE_THREAD_ALLOC=1 -D_REENTRANT=1 -D_THREAD_SAFE=1 -DHAVE_PTHREAD_ATTR_SETSTACKSIZE=1 -DHAVE_PTHREAD_ATFORK=1 -DHAVE_READDIR_R=1 -DSTDC_HEADERS=1 -DHAVE_SYS_TYPES_H=1 -DHAVE_SYS_STAT_H=1 -DHAVE_STDLIB_H=1 -DHAVE_STRING_H=1 -DHAVE_MEMORY_H=1 -DHAVE_STRINGS_H=1 -DHAVE_INTTYPES_H=1 -DHAVE_STDINT_H=1 -DHAVE_UNISTD_H=1 -DHAVE_FTDI_H=1 -DHAVE_GPHOTO2_GPHOTO2_CAMERA_H=1 -DHAVE_LIBINDI_INDIAPI_H=1'
DEV_ROOT='/root/audela-code/audela/src'
DL_LIB='-ldl'
ECHO_C=''
ECHO_N='-n'
ECHO_T=''
EGREP='/bin/grep -E'
EXEEXT=''
EXTERNAL='andor blt cfitsio fli fitstcl gzip jpeg6b libdcjpeg libdcraw libftd2xx libusb oscadine porttalk sbig sextractor sofa tcl tkhtml'
EXTRA='b1'
GREP='/bin/grep'
GSL_CFLAGS='-I/usr/include'
GSL_CONFIG='/usr/bin/gsl-config'
GSL_FOUND='1'
GSL_LIBS='-L/usr/lib -lgsl -lgslcblas -lm'
LDFLAGS=' -shared '
LDFLAGS_DEFAULT=''
LIBCAMAB='libcamcommon libcamsimulator libcamindi'
LIBCAMS='libethernaude libaudine libcagire liboscadine libquicka libgrabber libdigicam'
LIBGPHOTO2_ENABLE='1'
LIBINDI_ENABLE='1'
LIBLINKS='libparallelport libserialport libquickremote'
LIBOBJS=''
LIBS=''
LIBTELAB='libtelcommon libtelsimulator libtelindi'
LIBTELS='libaudecom libcelestron libcombit libdeltatau libcsi libdfm libeqmod liblx200 libmcmt libouranos libtemma libtelscript'
LTLIBOBJS=''
MAJOR='3'
MINOR='0'
OBJEXT='o'
PACKAGE_BUGREPORT=''
PACKAGE_NAME=''
PACKAGE_STRING=''
PACKAGE_TARNAME=''
PACKAGE_URL=''
PACKAGE_VERSION=''
PATCH='0'
PATH_SEPARATOR=':'
QSI_ENABLE='0'
REL_DATE='05/04/2015'
SHELL='/bin/bash'
TCL_BIN_DIR='/usr/lib'
TCL_INCLUDE_SPEC='-I/usr/include/tcl8.6'
TCL_LIB_FILE='libtcl8.6.so'
TCL_LIB_FLAG='-ltcl8.6'
TCL_LIB_SPEC='-L/usr/lib/x86_64-linux-gnu -ltcl8.6'
TCL_PREFIX='/usr'
TCL_SRC_DIR='/usr/include/tcl8.6/tcl-private'
TCL_STUB_LIB_FILE='libtclstub8.6.a'
TCL_STUB_LIB_FLAG='-ltclstub8.6'
TCL_STUB_LIB_SPEC='-L/usr/lib/x86_64-linux-gnu -ltclstub8.6'
TCL_THREADS='1'
TCL_VERSION='8.6'
TK_BIN_DIR='/usr/lib'
TK_LIB_FILE='libtk8.6.so'
TK_LIB_SPEC='-L/usr/lib/x86_64-linux-gnu -ltk8.6'
TK_SRC_DIR='/usr/include/tcl8.6/tk-private'
TK_STUB_LIB_SPEC='-L/usr/lib/x86_64-linux-gnu -ltkstub8.6'
TK_VERSION='8.6'
TK_XINCLUDES=''
V4L2_ENABLE='1'
WEBCAM_ENABLE='0'
ac_ct_CC='gcc'
ac_ct_CXX='g++'
bindir='${exec_prefix}/bin'
build_alias=''
datadir='${datarootdir}'
datarootdir='${prefix}/share'
docdir='${datarootdir}/doc/${PACKAGE}'
dvidir='${docdir}'
exec_prefix='${prefix}'
host_alias=''
htmldir='${docdir}'
includedir='${prefix}/include'
infodir='${datarootdir}/info'
libdir='${exec_prefix}/lib'
libexecdir='${exec_prefix}/libexec'
localedir='${datarootdir}/locale'
localstatedir='${prefix}/var'
mandir='${datarootdir}/man'
oldincludedir='/usr/include'
pdfdir='${docdir}'
prefix='/usr/local'
program_transform_name='s,x,x,'
psdir='${docdir}'
sbindir='${exec_prefix}/sbin'
sharedstatedir='${prefix}/com'
sysconfdir='${prefix}/etc'
target_alias=''

## ----------- ##
## confdefs.h. ##
## ----------- ##

/* confdefs.h */
#define PACKAGE_NAME ""
#define PACKAGE_TARNAME ""
#define PACKAGE_VERSION ""
#define PACKAGE_STRING ""
#define PACKAGE_BUGREPORT ""
#define PACKAGE_URL ""
#define TCL_THREADS 1
#define USE_THREAD_ALLOC 1
#define _REENTRANT 1
#define _THREAD_SAFE 1
#define HAVE_PTHREAD_ATTR_SETSTACKSIZE 1
#define HAVE_PTHREAD_ATFORK 1
#define HAVE_READDIR_R 1
#define STDC_HEADERS 1
#define HAVE_SYS_TYPES_H 1
#define HAVE_SYS_STAT_H 1
#define HAVE_STDLIB_H 1
#define HAVE_STRING_H 1
#define HAVE_MEMORY_H 1
#define HAVE_STRINGS_H 1
#define HAVE_INTTYPES_H 1
#define HAVE_STDINT_H 1
#define HAVE_UNISTD_H 1
#define HAVE_FTDI_H 1
#define HAVE_GPHOTO2_GPHOTO2_CAMERA_H 1
#define HAVE_LIBINDI_INDIAPI_H 1

configure: exit 0
